// 文　リクエストログ
// load 時刻 : 2024/02/26 22:06:57

// 辞書ファイル読み込み
// - E:\Documents\MyWIPGhost\ghost\for_the_tiny\ghost\master\dic/system/yaya_base/config.dic
// - E:\Documents\MyWIPGhost\ghost\for_the_tiny\ghost\master\dic/system/yaya_base/shiori3.dic
// - E:\Documents\MyWIPGhost\ghost\for_the_tiny\ghost\master\dic/system/yaya_base/optional.dic
// - E:\Documents\MyWIPGhost\ghost\for_the_tiny\ghost\master\dic/system/yaya_base/compatible.dic
// - E:\Documents\MyWIPGhost\ghost\for_the_tiny\ghost\master\dic/normal\yaya_aitalk.dic
// - E:\Documents\MyWIPGhost\ghost\for_the_tiny\ghost\master\dic/normal\yaya_bootend.dic
// - E:\Documents\MyWIPGhost\ghost\for_the_tiny\ghost\master\dic/normal\yaya_change.dic
// - E:\Documents\MyWIPGhost\ghost\for_the_tiny\ghost\master\dic/normal\yaya_communicate.dic
// - E:\Documents\MyWIPGhost\ghost\for_the_tiny\ghost\master\dic/normal\yaya_etc.dic
// - E:\Documents\MyWIPGhost\ghost\for_the_tiny\ghost\master\dic/normal\yaya_homeurl.dic
// - E:\Documents\MyWIPGhost\ghost\for_the_tiny\ghost\master\dic/normal\yaya_menu.dic
// - E:\Documents\MyWIPGhost\ghost\for_the_tiny\ghost\master\dic/normal\yaya_mouse.dic
// - E:\Documents\MyWIPGhost\ghost\for_the_tiny\ghost\master\dic/normal\yaya_string.dic
// - E:\Documents\MyWIPGhost\ghost\for_the_tiny\ghost\master\dic/normal\yaya_tmpl_util.dic
// - E:\Documents\MyWIPGhost\ghost\for_the_tiny\ghost\master\dic/normal\yaya_word.dic
// ...完了.

// 辞書の構文解析と中間コード生成
// ...完了.

// 変数値の復元 - E:\Documents\MyWIPGhost\ghost\for_the_tiny\ghost\master\yaya_variable.cfg
// ...完了.

// request
E:\Documents\MyWIPGhost\ghost\for_the_tiny\ghost\master\
// response (Execution time : 0[ms])

// request
GET Version SHIORI/2.6
Charset: UTF-8
Sender: SSP


// response (Execution time : 0[ms])
SHIORI/3.0 204 No Content
Charset: UTF-8


// request
GET SHIORI/3.0
Charset: UTF-8
ID: version
SecurityLevel: local
Sender: SSP


// response (Execution time : 0[ms])
SHIORI/3.0 200 OK
Sender: AYA
Charset: UTF-8
Value: Tc571-6


// request
NOTIFY SHIORI/3.0
Charset: UTF-8
SecurityLevel: local
Sender: SSP
SenderType: internal
ID: enable_log
Reference0: 0


// unload 時刻 : 2024/02/26 22:06:57

